<?xml version="1.0" encoding="UTF-8"?>
<coverage generated="1665941709633" clover="3.2.0">
  <project timestamp="1665941709633" name="All files">
    <metrics statements="30" coveredstatements="30" conditionals="38" coveredconditionals="35" methods="5" coveredmethods="5" elements="73" coveredelements="70" complexity="0" loc="30" ncloc="30" packages="1" files="1" classes="1"/>
    <file name="kiemtra.js" path="/Users/nguyenngocthach1024/Documents/React/kiem-tra-dong-do-con/kiemtra.js">
      <metrics statements="30" coveredstatements="30" conditionals="38" coveredconditionals="35" methods="5" coveredmethods="5"/>
      <line num="8" count="104" type="stmt"/>
      <line num="9" count="104" type="cond" truecount="2" falsecount="0"/>
      <line num="13" count="7" type="stmt"/>
      <line num="14" count="97" type="cond" truecount="4" falsecount="0"/>
      <line num="15" count="4" type="stmt"/>
      <line num="16" count="93" type="cond" truecount="2" falsecount="0"/>
      <line num="17" count="43" type="cond" truecount="2" falsecount="0"/>
      <line num="18" count="24" type="cond" truecount="2" falsecount="0"/>
      <line num="19" count="12" type="cond" truecount="1" falsecount="1"/>
      <line num="21" count="50" type="cond" truecount="2" falsecount="0"/>
      <line num="22" count="25" type="cond" truecount="2" falsecount="0"/>
      <line num="23" count="31" type="cond" truecount="2" falsecount="0"/>
      <line num="24" count="18" type="cond" truecount="2" falsecount="2"/>
      <line num="25" count="18" type="stmt"/>
      <line num="29" count="19" type="cond" truecount="3" falsecount="0"/>
      <line num="31" count="7" type="stmt"/>
      <line num="33" count="6" type="stmt"/>
      <line num="35" count="6" type="stmt"/>
      <line num="40" count="31" type="cond" truecount="3" falsecount="0"/>
      <line num="42" count="10" type="stmt"/>
      <line num="44" count="11" type="stmt"/>
      <line num="46" count="10" type="stmt"/>
      <line num="51" count="43" type="cond" truecount="3" falsecount="0"/>
      <line num="53" count="14" type="stmt"/>
      <line num="55" count="14" type="stmt"/>
      <line num="57" count="15" type="stmt"/>
      <line num="62" count="93" type="stmt"/>
      <line num="63" count="93" type="cond" truecount="2" falsecount="0"/>
      <line num="64" count="93" type="stmt"/>
      <line num="67" count="3" type="stmt"/>
    </file>
  </project>
</coverage>
