<?xml version="1.0" encoding="UTF-8"?>
<coverage generated="1665331147449" clover="3.2.0">
  <project timestamp="1665331147449" name="All files">
    <metrics statements="30" coveredstatements="30" conditionals="38" coveredconditionals="35" methods="5" coveredmethods="5" elements="73" coveredelements="70" complexity="0" loc="30" ncloc="30" packages="1" files="1" classes="1"/>
    <file name="kiemtra.js" path="/Users/nguyenngocthach1024/Documents/React/kiem-tra-dong-do-con/kiemtra.js">
      <metrics statements="30" coveredstatements="30" conditionals="38" coveredconditionals="35" methods="5" coveredmethods="5"/>
      <line num="8" count="53" type="stmt"/>
      <line num="9" count="53" type="cond" truecount="2" falsecount="0"/>
      <line num="13" count="4" type="stmt"/>
      <line num="14" count="49" type="cond" truecount="4" falsecount="0"/>
      <line num="15" count="1" type="stmt"/>
      <line num="16" count="48" type="cond" truecount="2" falsecount="0"/>
      <line num="17" count="22" type="cond" truecount="2" falsecount="0"/>
      <line num="18" count="12" type="cond" truecount="2" falsecount="0"/>
      <line num="19" count="6" type="cond" truecount="1" falsecount="1"/>
      <line num="21" count="26" type="cond" truecount="2" falsecount="0"/>
      <line num="22" count="13" type="cond" truecount="2" falsecount="0"/>
      <line num="23" count="16" type="cond" truecount="2" falsecount="0"/>
      <line num="24" count="9" type="cond" truecount="2" falsecount="2"/>
      <line num="25" count="9" type="stmt"/>
      <line num="29" count="10" type="cond" truecount="3" falsecount="0"/>
      <line num="31" count="4" type="stmt"/>
      <line num="33" count="3" type="stmt"/>
      <line num="35" count="3" type="stmt"/>
      <line num="40" count="16" type="cond" truecount="3" falsecount="0"/>
      <line num="42" count="5" type="stmt"/>
      <line num="44" count="6" type="stmt"/>
      <line num="46" count="5" type="stmt"/>
      <line num="51" count="22" type="cond" truecount="3" falsecount="0"/>
      <line num="53" count="7" type="stmt"/>
      <line num="55" count="7" type="stmt"/>
      <line num="57" count="8" type="stmt"/>
      <line num="62" count="48" type="stmt"/>
      <line num="63" count="48" type="cond" truecount="2" falsecount="0"/>
      <line num="64" count="48" type="stmt"/>
      <line num="67" count="2" type="stmt"/>
    </file>
  </project>
</coverage>
