{"/Users/nguyenngocthach1024/Documents/React/kiem-tra-dong-do-con/kiemtra.js": {"path":"/Users/nguyenngocthach1024/Documents/React/kiem-tra-dong-do-con/kiemtra.js","statementMap":{"0":{"start":{"line":8,"column":2},"end":{"line":8,"column":49}},"1":{"start":{"line":9,"column":2},"end":{"line":13,"column":34}},"2":{"start":{"line":13,"column":4},"end":{"line":13,"column":34}},"3":{"start":{"line":14,"column":2},"end":{"line":15,"column":39}},"4":{"start":{"line":15,"column":4},"end":{"line":15,"column":39}},"5":{"start":{"line":16,"column":2},"end":{"line":20,"column":3}},"6":{"start":{"line":17,"column":4},"end":{"line":17,"column":72}},"7":{"start":{"line":17,"column":40},"end":{"line":17,"column":72}},"8":{"start":{"line":18,"column":4},"end":{"line":18,"column":71}},"9":{"start":{"line":18,"column":39},"end":{"line":18,"column":71}},"10":{"start":{"line":19,"column":4},"end":{"line":19,"column":70}},"11":{"start":{"line":19,"column":38},"end":{"line":19,"column":70}},"12":{"start":{"line":21,"column":2},"end":{"line":22,"column":71}},"13":{"start":{"line":22,"column":4},"end":{"line":22,"column":71}},"14":{"start":{"line":22,"column":39},"end":{"line":22,"column":71}},"15":{"start":{"line":23,"column":2},"end":{"line":23,"column":68}},"16":{"start":{"line":23,"column":36},"end":{"line":23,"column":68}},"17":{"start":{"line":24,"column":2},"end":{"line":25,"column":36}},"18":{"start":{"line":25,"column":4},"end":{"line":25,"column":36}},"19":{"start":{"line":29,"column":2},"end":{"line":36,"column":3}},"20":{"start":{"line":31,"column":6},"end":{"line":31,"column":61}},"21":{"start":{"line":33,"column":6},"end":{"line":33,"column":61}},"22":{"start":{"line":35,"column":6},"end":{"line":35,"column":45}},"23":{"start":{"line":40,"column":2},"end":{"line":47,"column":3}},"24":{"start":{"line":42,"column":6},"end":{"line":42,"column":63}},"25":{"start":{"line":44,"column":6},"end":{"line":44,"column":61}},"26":{"start":{"line":46,"column":6},"end":{"line":46,"column":46}},"27":{"start":{"line":51,"column":2},"end":{"line":58,"column":3}},"28":{"start":{"line":53,"column":6},"end":{"line":53,"column":63}},"29":{"start":{"line":55,"column":6},"end":{"line":55,"column":61}},"30":{"start":{"line":57,"column":6},"end":{"line":57,"column":46}},"31":{"start":{"line":62,"column":2},"end":{"line":62,"column":30}},"32":{"start":{"line":63,"column":2},"end":{"line":63,"column":53}},"33":{"start":{"line":64,"column":2},"end":{"line":64,"column":34}},"34":{"start":{"line":67,"column":0},"end":{"line":67,"column":34}}},"fnMap":{"0":{"name":"kiemTraNongDoCon","decl":{"start":{"line":1,"column":9},"end":{"line":1,"column":25}},"loc":{"start":{"line":5,"column":2},"end":{"line":26,"column":1}},"line":5},"1":{"name":"getLevel1Punish","decl":{"start":{"line":28,"column":9},"end":{"line":28,"column":24}},"loc":{"start":{"line":28,"column":34},"end":{"line":37,"column":1}},"line":28},"2":{"name":"getLevel2Punish","decl":{"start":{"line":39,"column":9},"end":{"line":39,"column":24}},"loc":{"start":{"line":39,"column":34},"end":{"line":48,"column":1}},"line":39},"3":{"name":"getLevel3Punish","decl":{"start":{"line":50,"column":9},"end":{"line":50,"column":24}},"loc":{"start":{"line":50,"column":34},"end":{"line":59,"column":1}},"line":50},"4":{"name":"printPunish","decl":{"start":{"line":61,"column":9},"end":{"line":61,"column":20}},"loc":{"start":{"line":61,"column":33},"end":{"line":65,"column":1}},"line":61}},"branchMap":{"0":{"loc":{"start":{"line":9,"column":2},"end":{"line":13,"column":34}},"type":"if","locations":[{"start":{"line":9,"column":2},"end":{"line":13,"column":34}},{"start":{},"end":{}}],"line":9},"1":{"loc":{"start":{"line":10,"column":4},"end":{"line":11,"column":35}},"type":"binary-expr","locations":[{"start":{"line":10,"column":5},"end":{"line":10,"column":30}},{"start":{"line":10,"column":34},"end":{"line":10,"column":60}},{"start":{"line":11,"column":4},"end":{"line":11,"column":35}}],"line":10},"2":{"loc":{"start":{"line":14,"column":2},"end":{"line":15,"column":39}},"type":"if","locations":[{"start":{"line":14,"column":2},"end":{"line":15,"column":39}},{"start":{},"end":{}}],"line":14},"3":{"loc":{"start":{"line":14,"column":6},"end":{"line":14,"column":65}},"type":"binary-expr","locations":[{"start":{"line":14,"column":6},"end":{"line":14,"column":33}},{"start":{"line":14,"column":37},"end":{"line":14,"column":65}}],"line":14},"4":{"loc":{"start":{"line":16,"column":2},"end":{"line":20,"column":3}},"type":"if","locations":[{"start":{"line":16,"column":2},"end":{"line":20,"column":3}},{"start":{},"end":{}}],"line":16},"5":{"loc":{"start":{"line":17,"column":4},"end":{"line":17,"column":72}},"type":"if","locations":[{"start":{"line":17,"column":4},"end":{"line":17,"column":72}},{"start":{},"end":{}}],"line":17},"6":{"loc":{"start":{"line":18,"column":4},"end":{"line":18,"column":71}},"type":"if","locations":[{"start":{"line":18,"column":4},"end":{"line":18,"column":71}},{"start":{},"end":{}}],"line":18},"7":{"loc":{"start":{"line":19,"column":4},"end":{"line":19,"column":70}},"type":"if","locations":[{"start":{"line":19,"column":4},"end":{"line":19,"column":70}},{"start":{},"end":{}}],"line":19},"8":{"loc":{"start":{"line":21,"column":2},"end":{"line":22,"column":71}},"type":"if","locations":[{"start":{"line":21,"column":2},"end":{"line":22,"column":71}},{"start":{},"end":{}}],"line":21},"9":{"loc":{"start":{"line":22,"column":4},"end":{"line":22,"column":71}},"type":"if","locations":[{"start":{"line":22,"column":4},"end":{"line":22,"column":71}},{"start":{},"end":{}}],"line":22},"10":{"loc":{"start":{"line":23,"column":2},"end":{"line":23,"column":68}},"type":"if","locations":[{"start":{"line":23,"column":2},"end":{"line":23,"column":68}},{"start":{},"end":{}}],"line":23},"11":{"loc":{"start":{"line":24,"column":2},"end":{"line":25,"column":36}},"type":"if","locations":[{"start":{"line":24,"column":2},"end":{"line":25,"column":36}},{"start":{},"end":{}}],"line":24},"12":{"loc":{"start":{"line":24,"column":6},"end":{"line":24,"column":64}},"type":"binary-expr","locations":[{"start":{"line":24,"column":6},"end":{"line":24,"column":32}},{"start":{"line":24,"column":36},"end":{"line":24,"column":64}}],"line":24},"13":{"loc":{"start":{"line":29,"column":2},"end":{"line":36,"column":3}},"type":"switch","locations":[{"start":{"line":30,"column":4},"end":{"line":31,"column":61}},{"start":{"line":32,"column":4},"end":{"line":33,"column":61}},{"start":{"line":34,"column":4},"end":{"line":35,"column":45}}],"line":29},"14":{"loc":{"start":{"line":40,"column":2},"end":{"line":47,"column":3}},"type":"switch","locations":[{"start":{"line":41,"column":4},"end":{"line":42,"column":63}},{"start":{"line":43,"column":4},"end":{"line":44,"column":61}},{"start":{"line":45,"column":4},"end":{"line":46,"column":46}}],"line":40},"15":{"loc":{"start":{"line":51,"column":2},"end":{"line":58,"column":3}},"type":"switch","locations":[{"start":{"line":52,"column":4},"end":{"line":53,"column":63}},{"start":{"line":54,"column":4},"end":{"line":55,"column":61}},{"start":{"line":56,"column":4},"end":{"line":57,"column":46}}],"line":51},"16":{"loc":{"start":{"line":63,"column":13},"end":{"line":63,"column":52}},"type":"cond-expr","locations":[{"start":{"line":63,"column":21},"end":{"line":63,"column":47}},{"start":{"line":63,"column":50},"end":{"line":63,"column":52}}],"line":63}},"s":{"0":53,"1":53,"2":4,"3":49,"4":1,"5":48,"6":22,"7":10,"8":12,"9":6,"10":6,"11":6,"12":26,"13":13,"14":10,"15":16,"16":7,"17":9,"18":9,"19":10,"20":4,"21":3,"22":3,"23":16,"24":5,"25":6,"26":5,"27":22,"28":7,"29":7,"30":8,"31":48,"32":48,"33":48,"34":2},"f":{"0":53,"1":10,"2":16,"3":22,"4":48},"b":{"0":[4,49],"1":[53,13,49],"2":[1,48],"3":[49,1],"4":[22,26],"5":[10,12],"6":[6,6],"7":[6,0],"8":[13,13],"9":[10,3],"10":[7,9],"11":[9,0],"12":[9,0],"13":[4,3,3],"14":[5,6,5],"15":[7,7,8],"16":[32,16]},"_coverageSchema":"1a1c01bbd47fc00a2c39e90264f33305004495a9","hash":"632da0c403be570cbe460e2f1d9975a1a007e028"}
}
