TN:
SF:kiemtra.js
FN:1,kiemTraNongDoCon
FN:28,getLevel1Punish
FN:39,getLevel2Punish
FN:50,getLevel3Punish
FN:61,printPunish
FNF:5
FNH:5
FNDA:53,kiemTraNongDoCon
FNDA:10,getLevel1Punish
FNDA:16,getLevel2Punish
FNDA:22,getLevel3Punish
FNDA:48,printPunish
DA:8,53
DA:9,53
DA:13,4
DA:14,49
DA:15,1
DA:16,48
DA:17,22
DA:18,12
DA:19,6
DA:21,26
DA:22,13
DA:23,16
DA:24,9
DA:25,9
DA:29,10
DA:31,4
DA:33,3
DA:35,3
DA:40,16
DA:42,5
DA:44,6
DA:46,5
DA:51,22
DA:53,7
DA:55,7
DA:57,8
DA:62,48
DA:63,48
DA:64,48
DA:67,2
LF:30
LH:30
BRDA:9,0,0,4
BRDA:9,0,1,49
BRDA:10,1,0,53
BRDA:10,1,1,13
BRDA:10,1,2,49
BRDA:14,2,0,1
BRDA:14,2,1,48
BRDA:14,3,0,49
BRDA:14,3,1,1
BRDA:16,4,0,22
BRDA:16,4,1,26
BRDA:17,5,0,10
BRDA:17,5,1,12
BRDA:18,6,0,6
BRDA:18,6,1,6
BRDA:19,7,0,6
BRDA:19,7,1,0
BRDA:21,8,0,13
BRDA:21,8,1,13
BRDA:22,9,0,10
BRDA:22,9,1,3
BRDA:23,10,0,7
BRDA:23,10,1,9
BRDA:24,11,0,9
BRDA:24,11,1,0
BRDA:24,12,0,9
BRDA:24,12,1,0
BRDA:29,13,0,4
BRDA:29,13,1,3
BRDA:29,13,2,3
BRDA:40,14,0,5
BRDA:40,14,1,6
BRDA:40,14,2,5
BRDA:51,15,0,7
BRDA:51,15,1,7
BRDA:51,15,2,8
BRDA:63,16,0,32
BRDA:63,16,1,16
BRF:38
BRH:35
end_of_record
