TN:
SF:kiemtra.js
FN:1,kiemTraNongDoCon
FN:28,getLevel1Punish
FN:39,getLevel2Punish
FN:50,getLevel3Punish
FN:61,printPunish
FNF:5
FNH:5
FNDA:104,kiemTraNongDoCon
FNDA:19,getLevel1Punish
FNDA:31,getLevel2Punish
FNDA:43,getLevel3Punish
FNDA:93,printPunish
DA:8,104
DA:9,104
DA:13,7
DA:14,97
DA:15,4
DA:16,93
DA:17,43
DA:18,24
DA:19,12
DA:21,50
DA:22,25
DA:23,31
DA:24,18
DA:25,18
DA:29,19
DA:31,7
DA:33,6
DA:35,6
DA:40,31
DA:42,10
DA:44,11
DA:46,10
DA:51,43
DA:53,14
DA:55,14
DA:57,15
DA:62,93
DA:63,93
DA:64,93
DA:67,3
LF:30
LH:30
BRDA:9,0,0,7
BRDA:9,0,1,97
BRDA:10,1,0,104
BRDA:10,1,1,25
BRDA:10,1,2,97
BRDA:14,2,0,4
BRDA:14,2,1,93
BRDA:14,3,0,97
BRDA:14,3,1,4
BRDA:16,4,0,43
BRDA:16,4,1,50
BRDA:17,5,0,19
BRDA:17,5,1,24
BRDA:18,6,0,12
BRDA:18,6,1,12
BRDA:19,7,0,12
BRDA:19,7,1,0
BRDA:21,8,0,25
BRDA:21,8,1,25
BRDA:22,9,0,19
BRDA:22,9,1,6
BRDA:23,10,0,13
BRDA:23,10,1,18
BRDA:24,11,0,18
BRDA:24,11,1,0
BRDA:24,12,0,18
BRDA:24,12,1,0
BRDA:29,13,0,7
BRDA:29,13,1,6
BRDA:29,13,2,6
BRDA:40,14,0,10
BRDA:40,14,1,11
BRDA:40,14,2,10
BRDA:51,15,0,14
BRDA:51,15,1,14
BRDA:51,15,2,15
BRDA:63,16,0,62
BRDA:63,16,1,31
BRF:38
BRH:35
end_of_record
